Determining if the pthread_create exist failed with the following output:
Change Dir: /home/robert/catkin_ws_2/src/temoto_action_engine/build/catkin_tools_prebuild/CMakeFiles/CMakeTmp

Run Build Command:"/usr/bin/make" "cmTC_2368b/fast"
/usr/bin/make -f CMakeFiles/cmTC_2368b.dir/build.make CMakeFiles/cmTC_2368b.dir/build
make[1]: Entering directory '/home/robert/catkin_ws_2/src/temoto_action_engine/build/catkin_tools_prebuild/CMakeFiles/CMakeTmp'
Building C object CMakeFiles/cmTC_2368b.dir/CheckSymbolExists.c.o
/usr/bin/cc     -o CMakeFiles/cmTC_2368b.dir/CheckSymbolExists.c.o   -c /home/robert/catkin_ws_2/src/temoto_action_engine/build/catkin_tools_prebuild/CMakeFiles/CMakeTmp/CheckSymbolExists.c
Linking C executable cmTC_2368b
/usr/bin/cmake -E cmake_link_script CMakeFiles/cmTC_2368b.dir/link.txt --verbose=1
/usr/bin/cc       CMakeFiles/cmTC_2368b.dir/CheckSymbolExists.c.o  -o cmTC_2368b -rdynamic 
CMakeFiles/cmTC_2368b.dir/CheckSymbolExists.c.o: In function `main':
CheckSymbolExists.c:(.text+0x16): undefined reference to `pthread_create'
collect2: error: ld returned 1 exit status
CMakeFiles/cmTC_2368b.dir/build.make:97: recipe for target 'cmTC_2368b' failed
make[1]: *** [cmTC_2368b] Error 1
make[1]: Leaving directory '/home/robert/catkin_ws_2/src/temoto_action_engine/build/catkin_tools_prebuild/CMakeFiles/CMakeTmp'
Makefile:126: recipe for target 'cmTC_2368b/fast' failed
make: *** [cmTC_2368b/fast] Error 2

File /home/robert/catkin_ws_2/src/temoto_action_engine/build/catkin_tools_prebuild/CMakeFiles/CMakeTmp/CheckSymbolExists.c:
/* */
#include <pthread.h>

int main(int argc, char** argv)
{
  (void)argv;
#ifndef pthread_create
  return ((int*)(&pthread_create))[argc];
#else
  (void)argc;
  return 0;
#endif
}

Determining if the function pthread_create exists in the pthreads failed with the following output:
Change Dir: /home/robert/catkin_ws_2/src/temoto_action_engine/build/catkin_tools_prebuild/CMakeFiles/CMakeTmp

Run Build Command:"/usr/bin/make" "cmTC_51205/fast"
/usr/bin/make -f CMakeFiles/cmTC_51205.dir/build.make CMakeFiles/cmTC_51205.dir/build
make[1]: Entering directory '/home/robert/catkin_ws_2/src/temoto_action_engine/build/catkin_tools_prebuild/CMakeFiles/CMakeTmp'
Building C object CMakeFiles/cmTC_51205.dir/CheckFunctionExists.c.o
/usr/bin/cc    -DCHECK_FUNCTION_EXISTS=pthread_create   -o CMakeFiles/cmTC_51205.dir/CheckFunctionExists.c.o   -c /usr/share/cmake-3.5/Modules/CheckFunctionExists.c
Linking C executable cmTC_51205
/usr/bin/cmake -E cmake_link_script CMakeFiles/cmTC_51205.dir/link.txt --verbose=1
/usr/bin/cc   -DCHECK_FUNCTION_EXISTS=pthread_create    CMakeFiles/cmTC_51205.dir/CheckFunctionExists.c.o  -o cmTC_51205 -rdynamic -lpthreads 
/usr/bin/ld: cannot find -lpthreads
collect2: error: ld returned 1 exit status
CMakeFiles/cmTC_51205.dir/build.make:97: recipe for target 'cmTC_51205' failed
make[1]: *** [cmTC_51205] Error 1
make[1]: Leaving directory '/home/robert/catkin_ws_2/src/temoto_action_engine/build/catkin_tools_prebuild/CMakeFiles/CMakeTmp'
Makefile:126: recipe for target 'cmTC_51205/fast' failed
make: *** [cmTC_51205/fast] Error 2


